<?xml version="1.0" encoding="UTF-8"?>
<testsuite xmlns:xsi="http://www.w3.org/2001/XMLSchema-instance" xsi:noNamespaceSchemaLocation="https://maven.apache.org/surefire/maven-surefire-plugin/xsd/surefire-test-report.xsd" name="com.cl3t4p.progetto.lavoratori2022.data.checks.ValidateDataTest" time="0.031" tests="5" errors="0" skipped="0" failures="0">
  <properties>
[...]
</properties>
  <testcase name="invalidMail" classname="com.cl3t4p.progetto.lavoratori2022.data.checks.ValidateDataTest" time="0.02"/>
  <testcase name="invalidNull" classname="com.cl3t4p.progetto.lavoratori2022.data.checks.ValidateDataTest" time="0.001"/>
  <testcase name="validOptional" classname="com.cl3t4p.progetto.lavoratori2022.data.checks.ValidateDataTest" time="0.003"/>
  <testcase name="valid" classname="com.cl3t4p.progetto.lavoratori2022.data.checks.ValidateDataTest" time="0.001"/>
  <testcase name="invalidPhone" classname="com.cl3t4p.progetto.lavoratori2022.data.checks.ValidateDataTest" time="0.001"/>
</testsuite>